<?xml version="1.0" encoding="utf-8"?><testsuites name="pytest tests"><testsuite name="pytest" errors="0" failures="0" skipped="0" tests="20" time="6.419" timestamp="2026-09-06T19:38:15.545088+00:00" hostname="agent-env-c23c1e08-d3cf-4fbe-ae3b-5ffa957952d4"><testcase classname="tests.backend_test.TestVerify" name="test_verify_known" time="0.201" /><testcase classname="tests.backend_test.TestAuth" name="test_login_wrong_password" time="0.422" /><testcase classname="tests.backend_test.TestVerify" name="test_verify_by_verification_id" time="0.340" /><testcase classname="tests.backend_test.TestVerify" name="test_verify_uninspected_404" time="0.246" /><testcase classname="tests.backend_test.TestAuth" name="test_me_farmer" time="0.498" /><testcase classname="tests.backend_test.TestVerify" name="test_verify_unknown_404" time="0.129" /><testcase classname="tests.backend_test.TestDashboard" name="test_stats" time="0.601" /><testcase classname="tests.backend_test.TestDashboard" name="test_list_batches_farmer" time="0.114" /><testcase classname="tests.backend_test.TestAuth" name="test_me_buyer" time="0.795" /><testcase classname="tests.backend_test.TestAuth" name="test_register_new_farmer" time="0.520" /><testcase classname="tests.backend_test.TestDashboard" name="test_list_batches_buyer_hides_uninspected" time="0.610" /><testcase classname="tests.backend_test.TestAuth" name="test_unauth_protected" time="0.125" /><testcase classname="tests.backend_test.TestStorage" name="test_get_storage_trend" time="0.118" /><testcase classname="tests.backend_test.TestReports" name="test_report_json" time="0.123" /><testcase classname="tests.backend_test.TestStorage" name="test_add_storage_note" time="0.125" /><testcase classname="tests.backend_test.TestReports" name="test_report_pdf" time="0.135" /><testcase classname="tests.backend_test.TestBuyerForbidden" name="test_buyer_cannot_create_batch" time="0.170" /><testcase classname="tests.backend_test.TestInspectionFlow" name="test_analyze_invalid_image" time="0.146" /><testcase classname="tests.backend_test.TestBuyerForbidden" name="test_buyer_cannot_analyze" time="0.144" /><testcase classname="tests.backend_test.TestInspectionFlow" name="test_full_flow_new_batch_analyze_save_dispatch" time="3.181" /></testsuite></testsuites>